<?xml version="1.0" encoding="UTF-8"?>
<testng-results skipped="0" failed="0" ignored="0" total="1" passed="1">
  <reporter-output>
  </reporter-output>
  <suite name="Default suite" duration-ms="8319" started-at="2021-10-23T07:33:00 IST" finished-at="2021-10-23T07:33:08 IST">
    <groups>
    </groups>
    <test name="Default test" duration-ms="8319" started-at="2021-10-23T07:33:00 IST" finished-at="2021-10-23T07:33:08 IST">
      <class name="fbtests.fbtests1">
        <test-method status="PASS" signature="OpeningCeremony()[pri:0, instance:fbtests.fbtests1@32d2fa64]" name="OpeningCeremony" is-config="true" duration-ms="4920" started-at="2021-10-23T07:33:00 IST" finished-at="2021-10-23T07:33:05 IST">
          <reporter-output>
          </reporter-output>
        </test-method> <!-- OpeningCeremony -->
        <test-method status="PASS" signature="Test1()[pri:0, instance:fbtests.fbtests1@32d2fa64]" name="Test1" duration-ms="3327" started-at="2021-10-23T07:33:05 IST" finished-at="2021-10-23T07:33:08 IST">
          <reporter-output>
          </reporter-output>
        </test-method> <!-- Test1 -->
      </class> <!-- fbtests.fbtests1 -->
    </test> <!-- Default test -->
  </suite> <!-- Default suite -->
</testng-results>
